<?xml version="1.0" encoding="UTF-8"?>
<!-- Generated by org.testng.reporters.JUnitXMLReporter -->
<testsuite ignored="0" hostname="DESKTOP-L40EJ11" failures="0" tests="5" name="Default test" time="158.685" errors="0" timestamp="2026-09-04T12:41:47 IST">
  <testcase classname="tests.LoginTest" name="verifyInvalidLogin" time="13.457"/>
  <testcase classname="tests.LoginTest" name="verifyInvalidLogin" time="15.264"/>
  <testcase classname="tests.LoginTest" name="verifyInvalidLogin" time="27.302"/>
  <testcase classname="tests.LoginTest" name="verifyInvalidLogin" time="8.409"/>
  <testcase classname="tests.LoginTest" name="verifyValidLogin" time="8.2"/>
</testsuite> <!-- Default test -->
