<?xml version="1.0" encoding="UTF-8"?>
<!-- Generated by org.testng.reporters.JUnitXMLReporter -->
<testsuite ignored="0" hostname="DESKTOP-L40EJ11" failures="0" tests="5" name="Regression Tests" time="38.091" errors="0" timestamp="2026-09-04T16:16:38 IST">
  <testcase classname="tests.LoginTest" name="verifyInvalidLogin" time="3.042"/>
  <testcase classname="tests.LoginTest" name="verifyInvalidLogin" time="4.315"/>
  <testcase classname="tests.LoginTest" name="verifyInvalidLogin" time="3.086"/>
  <testcase classname="tests.LoginTest" name="verifyInvalidLogin" time="2.131"/>
  <testcase classname="tests.LoginTest" name="verifyValidLogin" time="2.529"/>
</testsuite> <!-- Regression Tests -->
