<?xml version="1.0" encoding="UTF-8"?>
<!-- Generated by org.testng.reporters.JUnitXMLReporter -->
<testsuite ignored="1" hostname="DESKTOP-L40EJ11" failures="0" tests="1" name="Smoke Tests" time="8.184" errors="0" timestamp="2026-09-04T16:14:45 IST">
  <testcase classname="tests.LoginTest" name="verifyValidLogin" time="2.197"/>
  <testcase classname="tests.LoginTest" name="verifyInvalidLogin" time="0.0">
    <ignored/>
  </testcase> <!-- verifyInvalidLogin -->
</testsuite> <!-- Smoke Tests -->
