<?xml version="1.0" encoding="UTF-8"?>
<testng-results ignored="0" total="5" passed="5" failed="0" skipped="0">
  <reporter-output>
  </reporter-output>
  <suite started-at="2026-09-04T16:15:59 IST" name="OrangeHRM Automation Suite" finished-at="2026-09-04T16:16:37 IST" duration-ms="38091">
    <groups>
      <group name="regression">
        <method signature="LoginTest.verifyInvalidLogin(java.lang.String,java.lang.String,java.lang.String)[pri:0, instance:tests.LoginTest@6f2cb653]" name="verifyInvalidLogin" class="tests.LoginTest"/>
        <method signature="LoginTest.verifyValidLogin()[pri:0, instance:tests.LoginTest@6f2cb653]" name="verifyValidLogin" class="tests.LoginTest"/>
      </group> <!-- regression -->
      <group name="smoke">
        <method signature="LoginTest.verifyValidLogin()[pri:0, instance:tests.LoginTest@6f2cb653]" name="verifyValidLogin" class="tests.LoginTest"/>
      </group> <!-- smoke -->
    </groups>
    <test started-at="2026-09-04T16:15:59 IST" name="Regression Tests" finished-at="2026-09-04T16:16:37 IST" duration-ms="38091">
      <class name="tests.LoginTest">
        <test-method is-config="true" signature="setUp()[pri:0, instance:tests.LoginTest@6f2cb653]" started-at="2026-09-04T16:15:59 IST" name="setUp" finished-at="2026-09-04T16:16:09 IST" duration-ms="9702" status="PASS">
          <reporter-output>
          </reporter-output>
        </test-method> <!-- setUp -->
        <test-method signature="verifyInvalidLogin(java.lang.String,java.lang.String,java.lang.String)[pri:0, instance:tests.LoginTest@6f2cb653]" started-at="2026-09-04T16:16:09 IST" name="verifyInvalidLogin" description="Verify error message for different invalid login scenarios" data-provider="invalidLoginData" finished-at="2026-09-04T16:16:12 IST" duration-ms="3042" status="PASS">
          <params>
            <param index="0">
              <value>
                <![CDATA[Invalid Username + Invalid Password]]>
              </value>
            </param>
            <param index="1">
              <value>
                <![CDATA[InvalidUser]]>
              </value>
            </param>
            <param index="2">
              <value>
                <![CDATA[WrongPassword]]>
              </value>
            </param>
          </params>
          <reporter-output>
          </reporter-output>
        </test-method> <!-- verifyInvalidLogin -->
        <test-method is-config="true" signature="tearDown()[pri:0, instance:tests.LoginTest@6f2cb653]" started-at="2026-09-04T16:16:12 IST" name="tearDown" finished-at="2026-09-04T16:16:12 IST" duration-ms="341" status="PASS">
          <reporter-output>
          </reporter-output>
        </test-method> <!-- tearDown -->
        <test-method is-config="true" signature="setUp()[pri:0, instance:tests.LoginTest@6f2cb653]" started-at="2026-09-04T16:16:12 IST" name="setUp" finished-at="2026-09-04T16:16:15 IST" duration-ms="2612" status="PASS">
          <reporter-output>
          </reporter-output>
        </test-method> <!-- setUp -->
        <test-method signature="verifyInvalidLogin(java.lang.String,java.lang.String,java.lang.String)[pri:0, instance:tests.LoginTest@6f2cb653]" started-at="2026-09-04T16:16:15 IST" name="verifyInvalidLogin" description="Verify error message for different invalid login scenarios" data-provider="invalidLoginData" finished-at="2026-09-04T16:16:19 IST" duration-ms="4315" status="PASS">
          <params>
            <param index="0">
              <value>
                <![CDATA[Valid Username + Invalid Password]]>
              </value>
            </param>
            <param index="1">
              <value>
                <![CDATA[Admin]]>
              </value>
            </param>
            <param index="2">
              <value>
                <![CDATA[WrongPassword]]>
              </value>
            </param>
          </params>
          <reporter-output>
          </reporter-output>
        </test-method> <!-- verifyInvalidLogin -->
        <test-method is-config="true" signature="tearDown()[pri:0, instance:tests.LoginTest@6f2cb653]" started-at="2026-09-04T16:16:19 IST" name="tearDown" finished-at="2026-09-04T16:16:20 IST" duration-ms="284" status="PASS">
          <reporter-output>
          </reporter-output>
        </test-method> <!-- tearDown -->
        <test-method is-config="true" signature="setUp()[pri:0, instance:tests.LoginTest@6f2cb653]" started-at="2026-09-04T16:16:20 IST" name="setUp" finished-at="2026-09-04T16:16:21 IST" duration-ms="1768" status="PASS">
          <reporter-output>
          </reporter-output>
        </test-method> <!-- setUp -->
        <test-method signature="verifyInvalidLogin(java.lang.String,java.lang.String,java.lang.String)[pri:0, instance:tests.LoginTest@6f2cb653]" started-at="2026-09-04T16:16:21 IST" name="verifyInvalidLogin" description="Verify error message for different invalid login scenarios" data-provider="invalidLoginData" finished-at="2026-09-04T16:16:25 IST" duration-ms="3086" status="PASS">
          <params>
            <param index="0">
              <value>
                <![CDATA[Invalid Username + Valid Password]]>
              </value>
            </param>
            <param index="1">
              <value>
                <![CDATA[InvalidUser]]>
              </value>
            </param>
            <param index="2">
              <value>
                <![CDATA[admin123]]>
              </value>
            </param>
          </params>
          <reporter-output>
          </reporter-output>
        </test-method> <!-- verifyInvalidLogin -->
        <test-method is-config="true" signature="tearDown()[pri:0, instance:tests.LoginTest@6f2cb653]" started-at="2026-09-04T16:16:25 IST" name="tearDown" finished-at="2026-09-04T16:16:25 IST" duration-ms="828" status="PASS">
          <reporter-output>
          </reporter-output>
        </test-method> <!-- tearDown -->
        <test-method is-config="true" signature="setUp()[pri:0, instance:tests.LoginTest@6f2cb653]" started-at="2026-09-04T16:16:25 IST" name="setUp" finished-at="2026-09-04T16:16:29 IST" duration-ms="3340" status="PASS">
          <reporter-output>
          </reporter-output>
        </test-method> <!-- setUp -->
        <test-method signature="verifyInvalidLogin(java.lang.String,java.lang.String,java.lang.String)[pri:0, instance:tests.LoginTest@6f2cb653]" started-at="2026-09-04T16:16:29 IST" name="verifyInvalidLogin" description="Verify error message for different invalid login scenarios" data-provider="invalidLoginData" finished-at="2026-09-04T16:16:31 IST" duration-ms="2131" status="PASS">
          <params>
            <param index="0">
              <value>
                <![CDATA[Completely Invalid Credentials]]>
              </value>
            </param>
            <param index="1">
              <value>
                <![CDATA[TestUser]]>
              </value>
            </param>
            <param index="2">
              <value>
                <![CDATA[Test123]]>
              </value>
            </param>
          </params>
          <reporter-output>
          </reporter-output>
        </test-method> <!-- verifyInvalidLogin -->
        <test-method is-config="true" signature="tearDown()[pri:0, instance:tests.LoginTest@6f2cb653]" started-at="2026-09-04T16:16:31 IST" name="tearDown" finished-at="2026-09-04T16:16:31 IST" duration-ms="240" status="PASS">
          <reporter-output>
          </reporter-output>
        </test-method> <!-- tearDown -->
        <test-method is-config="true" signature="setUp()[pri:0, instance:tests.LoginTest@6f2cb653]" started-at="2026-09-04T16:16:31 IST" name="setUp" finished-at="2026-09-04T16:16:34 IST" duration-ms="3405" status="PASS">
          <reporter-output>
          </reporter-output>
        </test-method> <!-- setUp -->
        <test-method signature="verifyValidLogin()[pri:0, instance:tests.LoginTest@6f2cb653]" started-at="2026-09-04T16:16:34 IST" name="verifyValidLogin" description="Verify valid user can login successfully" finished-at="2026-09-04T16:16:37 IST" duration-ms="2529" status="PASS">
          <reporter-output>
          </reporter-output>
        </test-method> <!-- verifyValidLogin -->
        <test-method is-config="true" signature="tearDown()[pri:0, instance:tests.LoginTest@6f2cb653]" started-at="2026-09-04T16:16:37 IST" name="tearDown" finished-at="2026-09-04T16:16:37 IST" duration-ms="346" status="PASS">
          <reporter-output>
          </reporter-output>
        </test-method> <!-- tearDown -->
      </class> <!-- tests.LoginTest -->
    </test> <!-- Regression Tests -->
  </suite> <!-- OrangeHRM Automation Suite -->
</testng-results>
