<?xml version="1.0" encoding="UTF-8"?>
<!-- Generated by org.testng.reporters.JUnitReportReporter -->
<testsuite hostname="DESKTOP-L40EJ11" failures="0" tests="5" name="tests.LoginTest" time="37.969" errors="0" timestamp="2026-09-04T16:16:38 IST" skipped="0">
  <testcase classname="tests.LoginTest" name="verifyInvalidLogin" time="7.319"/>
  <testcase classname="tests.LoginTest" name="verifyInvalidLogin" time="13.090"/>
  <testcase classname="tests.LoginTest" name="verifyInvalidLogin" time="6.367"/>
  <testcase classname="tests.LoginTest" name="verifyInvalidLogin" time="5.711"/>
  <testcase classname="tests.LoginTest" name="verifyValidLogin" time="5.482"/>
</testsuite> <!-- tests.LoginTest -->
